<?xml version="1.0" encoding="UTF-8"?>
<!-- Generated by org.testng.reporters.JUnitReportReporter -->
<testsuite skipped="0" hostname="Admin_SRV-PC" name="com.croma.pack2.TestDemo1" tests="4" failures="0" timestamp="16 Jan 2021 03:25:28 GMT" time="0.020" errors="0">
  <testcase name="selectCategory" time="0.005" classname="com.croma.pack2.TestDemo1"/>
  <testcase name="register" time="0.015" classname="com.croma.pack2.TestDemo1"/>
  <testcase name="buyMobile" time="0.000" classname="com.croma.pack2.TestDemo1"/>
  <testcase name="login" time="0.000" classname="com.croma.pack2.TestDemo1"/>
</testsuite> <!-- com.croma.pack2.TestDemo1 -->
