<?xml version="1.0" encoding="UTF-8"?>
<!-- Generated by org.testng.reporters.JUnitReportReporter -->
<testsuite hostname="HC13-08" name="com.croma.test.Demo" tests="4" failures="0" timestamp="13 Jun 2016 04:47:44 GMT" time="0.010" errors="0">
  <testcase name="buyItem" time="0.000" classname="com.croma.test.Demo"/>
  <testcase name="selectCategory" time="0.000" classname="com.croma.test.Demo"/>
  <testcase name="login" time="0.000" classname="com.croma.test.Demo"/>
  <testcase name="createUser" time="0.010" classname="com.croma.test.Demo"/>
</testsuite> <!-- com.croma.test.Demo -->
