<?xml version="1.0" encoding="UTF-8"?>
<!-- Generated by org.testng.reporters.JUnitReportReporter -->
<testsuite skipped="0" hostname="Admin_SRV-PC" name="com.croma.page.TestNGImpl" tests="4" failures="0" timestamp="16 Jan 2021 03:25:28 GMT" time="0.020" errors="0">
  <testcase name="selectItem" time="0.005" classname="com.croma.page.TestNGImpl"/>
  <testcase name="login" time="0.005" classname="com.croma.page.TestNGImpl"/>
  <testcase name="selectCategory" time="0.005" classname="com.croma.page.TestNGImpl"/>
  <testcase name="buyItem" time="0.005" classname="com.croma.page.TestNGImpl"/>
</testsuite> <!-- com.croma.page.TestNGImpl -->
