<?xml version="1.0" encoding="UTF-8"?>
<!-- Generated by org.testng.reporters.JUnitReportReporter -->
<testsuite skipped="0" hostname="Admin_SRV-PC" name="com.croma.example.Demo" tests="5" failures="0" timestamp="16 Jan 2021 03:25:28 GMT" time="0.000" errors="0">
  <testcase name="buyItem" time="0.000" classname="com.croma.example.Demo"/>
  <testcase name="login" time="0.000" classname="com.croma.example.Demo"/>
  <testcase name="selectCategroy" time="0.000" classname="com.croma.example.Demo"/>
  <testcase name="createUser" time="0.000" classname="com.croma.example.Demo"/>
  <testcase name="shippingDetails" time="0.000" classname="com.croma.example.Demo"/>
</testsuite> <!-- com.croma.example.Demo -->
