<?xml version="1.0" encoding="UTF-8"?>
<!-- Generated by org.testng.reporters.JUnitReportReporter -->
<testsuite skipped="0" hostname="Admin_SRV-PC" name="com.croma.pack2.TestListener" tests="1" failures="0" timestamp="16 Jan 2021 03:25:28 GMT" time="0.005" errors="0">
  <testcase name="testLogin" time="0.005" classname="com.croma.pack2.TestListener"/>
</testsuite> <!-- com.croma.pack2.TestListener -->
