<?xml version="1.0" encoding="UTF-8"?>
<!-- Generated by org.testng.reporters.JUnitReportReporter -->
<testsuite skipped="0" hostname="Admin_SRV-PC" name="com.croma.pack1.MyTestClass" tests="6" failures="0" timestamp="16 Jan 2021 03:25:28 GMT" time="0.020" errors="0">
  <testcase name="buyMobile" time="0.005" classname="com.croma.pack1.MyTestClass"/>
  <testcase name="register" time="0.005" classname="com.croma.pack1.MyTestClass"/>
  <testcase name="makePayment" time="0.005" classname="com.croma.pack1.MyTestClass"/>
  <testcase name="fillAddressDetails" time="0.000" classname="com.croma.pack1.MyTestClass"/>
  <testcase name="selectCategory" time="0.005" classname="com.croma.pack1.MyTestClass"/>
  <testcase name="login" time="0.000" classname="com.croma.pack1.MyTestClass"/>
</testsuite> <!-- com.croma.pack1.MyTestClass -->
